[2025-10-29T07:32:14.356] [DEBUG] debug-file - Compile arkts with external api path: /Applications/DevEco-Studio.app/Contents/sdk/default/hms/ets
[2025-10-29T07:32:14.357] [DEBUG] debug-file - default@CompileArkTS work[36] is submitted.
[2025-10-29T07:32:14.367] [DEBUG] debug-file - default@CompileArkTS work[36] is pushed to ready queue.
[2025-10-29T07:32:14.367] [DEBUG] debug-file - default@CompileArkTS work[36] is not dispatched.
[2025-10-29T07:32:14.368] [DEBUG] debug-file - CopyResources startTime: 510549546682291
[2025-10-29T07:32:14.368] [DEBUG] debug-file - default@CompileArkTS work[37] is submitted.
[2025-10-29T07:32:14.372] [DEBUG] debug-file - default@CompileArkTS work[37] is pushed to ready queue.
[2025-10-29T07:32:14.372] [DEBUG] debug-file - default@CompileArkTS work[37] is not dispatched.
[2025-10-29T07:32:14.373] [DEBUG] debug-file - entry : default@CompileArkTS cost memory 1.2253646850585938
[2025-10-29T07:32:14.379] [DEBUG] debug-file - jsonObjWithoutParam {} at undefined
[2025-10-29T07:32:14.380] [DEBUG] debug-file - jsonObjWithoutParam {"name":"entry","version":"1.0.0","description":"Please describe the basic information.","main":"","author":"","license":"","dependencies":{}} at undefined
[2025-10-29T07:32:14.385] [DEBUG] debug-file - Executing task :entry:default@BuildJS
[2025-10-29T07:32:14.388] [DEBUG] debug-file - entry : default@BuildJS cost memory 0.12816619873046875
[2025-10-29T07:32:14.389] [DEBUG] debug-file - runTaskFromQueue task cost before running: 884 ms 
[2025-10-29T07:32:14.389] [INFO] debug-file - Finished :entry:default@BuildJS... after 4 ms 
[2025-10-29T07:32:14.389] [DEBUG] debug-file - jsonObjWithoutParam {} at undefined
[2025-10-29T07:32:14.389] [DEBUG] debug-file - jsonObjWithoutParam {"name":"entry","version":"1.0.0","description":"Please describe the basic information.","main":"","author":"","license":"","dependencies":{}} at undefined
[2025-10-29T07:32:14.401] [DEBUG] debug-file - Executing task :entry:default@CacheNativeLibs
[2025-10-29T07:32:14.401] [DEBUG] debug-file - Task 'entry:default@CacheNativeLibs' cost while wrapping incremental declarations: 1 ms 
[2025-10-29T07:32:14.403] [DEBUG] debug-file - Incremental task entry:default@CacheNativeLibs pre-execution cost: 2 ms .
[2025-10-29T07:32:14.403] [DEBUG] debug-file - entry : default@CacheNativeLibs cost memory 0.06951141357421875
[2025-10-29T07:32:14.403] [INFO] debug-file - UP-TO-DATE :entry:default@CacheNativeLibs...  
[2025-10-29T07:32:14.571] [DEBUG] debug-file - A work dispatched to worker[7] failed because unable to get work from ready queue.
[2025-10-29T07:32:14.572] [DEBUG] debug-file - Create  resident worker with id: 6.
[2025-10-29T07:32:14.574] [DEBUG] debug-file - default@CompileArkTS work[37] has been dispatched to worker[6].
[2025-10-29T07:32:14.672] [DEBUG] debug-file - A work dispatched to worker[7] failed because unable to get work from ready queue.
[2025-10-29T07:32:14.672] [DEBUG] debug-file - A work dispatched to worker[6] failed because of worker busy.
[2025-10-29T07:32:14.672] [DEBUG] debug-file - A work dispatched to worker[5] failed because unable to get work from ready queue.
[2025-10-29T07:32:14.673] [DEBUG] debug-file - default@CompileArkTS work[36] has been dispatched to worker[4].
[2025-10-29T07:32:15.206] [DEBUG] debug-file - worker[6] has one work done.
[2025-10-29T07:32:15.206] [DEBUG] debug-file - CopyResources is end, endTime: 510550385281958
[2025-10-29T07:32:15.207] [DEBUG] debug-file - default@CompileArkTS work[37] done.
[2025-10-29T07:32:15.307] [DEBUG] debug-file - A work dispatched to worker[6] failed because unable to get work from ready queue.
[2025-10-29T07:32:18.729] [DEBUG] debug-file - worker[4] has one work error.
[2025-10-29T07:32:18.732] [DEBUG] debug-file - default@CompileArkTS work[36] failed.
[2025-10-29T07:32:18.733] [ERROR] debug-file - Failed :entry:default@CompileArkTS... 
[2025-10-29T07:32:18.733] [DEBUG] debug-file - hvigor build process will be closed with an error.
[2025-10-29T07:32:18.737] [DEBUG] debug-file - ERROR: stacktrace = Error: ArkTS Compiler Error
[31m1 ERROR: [31mArkTS:ERROR File: /Users/lanmin/Documents/PersonalItem/CardGameApp/CardItem/entry/src/main/ets/components/WordLearningPage.ets:568:49
 Type 'SafeAreaType' is not assignable to type 'SafeAreaEdge'.

[39m
[31m2 ERROR: [31mArkTS:ERROR File: /Users/lanmin/Documents/PersonalItem/CardGameApp/CardItem/entry/src/main/ets/components/ChallengePage.ets:176:49
 Type 'SafeAreaType' is not assignable to type 'SafeAreaEdge'.

[39m
[31m3 ERROR: [31mArkTS:ERROR File: /Users/lanmin/Documents/PersonalItem/CardGameApp/CardItem/entry/src/main/ets/pages/Index.ets:238:49
 Type 'SafeAreaType' is not assignable to type 'SafeAreaEdge'.

[39m
[31m4 ERROR: [31mArkTS:ERROR File: /Users/lanmin/Documents/PersonalItem/CardGameApp/CardItem/entry/src/main/ets/pages/Index.ets:376:49
 Type 'SafeAreaType' is not assignable to type 'SafeAreaEdge'.

[39m
[31mCOMPILE RESULT:FAIL {ERROR:5}[39m
    at runArkPack (/Applications/DevEco-Studio.app/Contents/tools/hvigor/hvigor-ohos-plugin/node_modules/@ohos/hvigor-arkts-compose/dist/src/arkts-pack.js:1:5438)
[2025-10-29T07:32:18.737] [ERROR] debug-file - Error: ArkTS Compiler Error
[31m1 ERROR: [31mArkTS:ERROR File: /Users/lanmin/Documents/PersonalItem/CardGameApp/CardItem/entry/src/main/ets/components/WordLearningPage.ets:568:49
 Type 'SafeAreaType' is not assignable to type 'SafeAreaEdge'.

[39m
[31m2 ERROR: [31mArkTS:ERROR File: /Users/lanmin/Documents/PersonalItem/CardGameApp/CardItem/entry/src/main/ets/components/ChallengePage.ets:176:49
 Type 'SafeAreaType' is not assignable to type 'SafeAreaEdge'.

[39m
[31m3 ERROR: [31mArkTS:ERROR File: /Users/lanmin/Documents/PersonalItem/CardGameApp/CardItem/entry/src/main/ets/pages/Index.ets:238:49
 Type 'SafeAreaType' is not assignable to type 'SafeAreaEdge'.

[39m
[31m4 ERROR: [31mArkTS:ERROR File: /Users/lanmin/Documents/PersonalItem/CardGameApp/CardItem/entry/src/main/ets/pages/Index.ets:376:49
 Type 'SafeAreaType' is not assignable to type 'SafeAreaEdge'.

[39m
[31mCOMPILE RESULT:FAIL {ERROR:5}[39m
    at runArkPack (/Applications/DevEco-Studio.app/Contents/tools/hvigor/hvigor-ohos-plugin/node_modules/@ohos/hvigor-arkts-compose/dist/src/arkts-pack.js:1:5438)
[2025-10-29T07:32:18.743] [WARN] debug-file - BUILD FAILED in 5 s 238 ms 
[2025-10-29T07:32:18.743] [DEBUG] debug-file - There is no need to refresh cache, since the incremental task entry:default@PreBuild is up-to-date.
[2025-10-29T07:32:18.744] [DEBUG] debug-file - Update task entry:default@CreateModuleInfo output file:/Users/lanmin/Documents/PersonalItem/CardGameApp/CardItem/entry/build/default/generated/profile/default/ModuleInfo.ts cache.
[2025-10-29T07:32:18.746] [DEBUG] debug-file - Incremental task entry:default@CreateModuleInfo post-execution cost:3 ms .
[2025-10-29T07:32:18.746] [DEBUG] debug-file - There is no need to refresh cache, since the incremental task entry:default@GenerateMetadata is up-to-date.
[2025-10-29T07:32:18.746] [DEBUG] debug-file - There is no need to refresh cache, since the incremental task entry:default@MergeProfile is up-to-date.
[2025-10-29T07:32:18.746] [DEBUG] debug-file - There is no need to refresh cache, since the incremental task entry:default@CreateBuildProfile is up-to-date.
[2025-10-29T07:32:18.746] [DEBUG] debug-file - There is no need to refresh cache, since the incremental task entry:default@GeneratePkgContextInfo is up-to-date.
[2025-10-29T07:32:18.747] [DEBUG] debug-file - Update task entry:default@ProcessIntegratedHsp output file:/Users/lanmin/Documents/PersonalItem/CardGameApp/CardItem/build/cache/default/integrated_hsp/integratedHspCache.json cache.
[2025-10-29T07:32:18.747] [DEBUG] debug-file - Incremental task entry:default@ProcessIntegratedHsp post-execution cost:1 ms .
[2025-10-29T07:32:18.747] [DEBUG] debug-file - There is no need to refresh cache, since the incremental task entry:default@MakePackInfo is up-to-date.
[2025-10-29T07:32:18.747] [DEBUG] debug-file - Update task entry:default@SyscapTransform input file:/Applications/DevEco-Studio.app/Contents/sdk/default/openharmony/toolchains/syscap_tool cache by regenerate.
[2025-10-29T07:32:18.747] [DEBUG] debug-file - Update task entry:default@SyscapTransform input file:/Applications/DevEco-Studio.app/Contents/sdk/default/openharmony/ets/api/device-define cache by regenerate.
[2025-10-29T07:32:18.748] [DEBUG] debug-file - Update task entry:default@SyscapTransform output file:/Users/lanmin/Documents/PersonalItem/CardGameApp/CardItem/entry/build/default/intermediates/syscap/default/rpcid.sc cache.
[2025-10-29T07:32:18.748] [DEBUG] debug-file - Incremental task entry:default@SyscapTransform post-execution cost:1 ms .
[2025-10-29T07:32:18.748] [DEBUG] debug-file - There is no need to refresh cache, since the incremental task entry:default@ProcessProfile is up-to-date.
[2025-10-29T07:32:18.748] [DEBUG] debug-file - There is no need to refresh cache, since the incremental task entry:default@ProcessRouterMap is up-to-date.
[2025-10-29T07:32:18.748] [DEBUG] debug-file - There is no need to refresh cache, since the incremental task entry:default@ProcessResource is up-to-date.
[2025-10-29T07:32:18.748] [DEBUG] debug-file - There is no need to refresh cache, since the incremental task entry:default@GenerateLoaderJson is up-to-date.
[2025-10-29T07:32:18.748] [DEBUG] debug-file - There is no need to refresh cache, since the incremental task entry:default@ProcessLibs is up-to-date.
[2025-10-29T07:32:18.748] [DEBUG] debug-file - There is no need to refresh cache, since the incremental task entry:default@CompileResource is up-to-date.
[2025-10-29T07:32:18.748] [DEBUG] debug-file - There is no need to refresh cache, since the incremental task entry:default@DoNativeStrip is up-to-date.
[2025-10-29T07:32:18.749] [DEBUG] debug-file - Update task entry:default@CompileArkTS input file:/Users/lanmin/Documents/PersonalItem/CardGameApp/CardItem/entry/build/default/intermediates/loader/default cache by regenerate.
[2025-10-29T07:32:18.750] [DEBUG] debug-file - Update task entry:default@CompileArkTS input file:/Users/lanmin/Documents/PersonalItem/CardGameApp/CardItem/entry/build/default/intermediates/res/default/resources/rawfile cache by regenerate.
[2025-10-29T07:32:18.766] [DEBUG] debug-file - Update task entry:default@CompileArkTS input file:/Users/lanmin/Documents/PersonalItem/CardGameApp/CardItem/entry/build/default/intermediates/res/default/ResourceTable.txt cache by regenerate.
[2025-10-29T07:32:18.767] [DEBUG] debug-file - Update task entry:default@CompileArkTS input file:/Users/lanmin/Documents/PersonalItem/CardGameApp/CardItem/entry/build/default/intermediates/res/default/ark_module.json cache by regenerate.
[2025-10-29T07:32:18.767] [DEBUG] debug-file - Update task entry:default@CompileArkTS input file:/Users/lanmin/Documents/PersonalItem/CardGameApp/CardItem/entry/build/default/intermediates/res/default/resources/base/profile cache by regenerate.
[2025-10-29T07:32:18.767] [DEBUG] debug-file - Update task entry:default@CompileArkTS input file:/Users/lanmin/Documents/PersonalItem/CardGameApp/CardItem/entry/src/main/ets cache by regenerate.
[2025-10-29T07:32:18.768] [DEBUG] debug-file - Update task entry:default@CompileArkTS input file:/Users/lanmin/Documents/PersonalItem/CardGameApp/CardItem/entry/build/default/intermediates/loader/default/pkgContextInfo.json cache by regenerate.
[2025-10-29T07:32:18.768] [DEBUG] debug-file - Update task entry:default@CompileArkTS input file:/Users/lanmin/Documents/PersonalItem/CardGameApp/CardItem/entry/build/default/generated/profile/default/BuildProfile.ets cache by regenerate.
[2025-10-29T07:32:18.768] [DEBUG] debug-file - Update task entry:default@CompileArkTS input file:/Users/lanmin/Documents/PersonalItem/CardGameApp/CardItem/entry/src/mock/mock-config.json5 cache by regenerate.
[2025-10-29T07:32:18.769] [DEBUG] debug-file - Update task entry:default@CompileArkTS output file:/Users/lanmin/Documents/PersonalItem/CardGameApp/CardItem/entry/build/default/intermediates/loader_out/default/ets cache.
[2025-10-29T07:32:18.769] [DEBUG] debug-file - Incremental task entry:default@CompileArkTS post-execution cost:22 ms .
[2025-10-29T07:32:18.770] [DEBUG] debug-file - Update task entry:default@BuildJS input file:/Users/lanmin/Documents/PersonalItem/CardGameApp/CardItem/entry/build/default/intermediates/loader/default cache by regenerate.
[2025-10-29T07:32:18.770] [DEBUG] debug-file - Update task entry:default@BuildJS input file:/Users/lanmin/Documents/PersonalItem/CardGameApp/CardItem/entry/build/default/intermediates/res/default/resources/rawfile cache by regenerate.
[2025-10-29T07:32:18.796] [DEBUG] debug-file - Update task entry:default@BuildJS input file:/Users/lanmin/Documents/PersonalItem/CardGameApp/CardItem/entry/build/default/intermediates/res/default/ResourceTable.txt cache by regenerate.
[2025-10-29T07:32:18.796] [DEBUG] debug-file - Update task entry:default@BuildJS input file:/Users/lanmin/Documents/PersonalItem/CardGameApp/CardItem/entry/build/default/intermediates/res/default/ark_module.json cache by regenerate.
[2025-10-29T07:32:18.796] [DEBUG] debug-file - Update task entry:default@BuildJS input file:/Users/lanmin/Documents/PersonalItem/CardGameApp/CardItem/entry/build/default/intermediates/res/default/resources/base/profile cache by regenerate.
[2025-10-29T07:32:18.796] [DEBUG] debug-file - Update task entry:default@BuildJS input file:/Users/lanmin/Documents/PersonalItem/CardGameApp/CardItem/entry/build/default/intermediates/loader/default/pkgContextInfo.json cache by regenerate.
[2025-10-29T07:32:18.797] [DEBUG] debug-file - Update task entry:default@BuildJS output file:/Users/lanmin/Documents/PersonalItem/CardGameApp/CardItem/entry/build/default/intermediates/loader_out/default/js cache.
[2025-10-29T07:32:18.797] [DEBUG] debug-file - Incremental task entry:default@BuildJS post-execution cost:28 ms .
[2025-10-29T07:32:18.797] [DEBUG] debug-file - There is no need to refresh cache, since the incremental task entry:default@CacheNativeLibs is up-to-date.
[2025-10-29T07:32:18.821] [DEBUG] debug-file - Cleanup worker 6.
[2025-10-29T07:32:18.821] [DEBUG] debug-file - Worker 6 has been cleaned up.
[2025-10-29T07:32:18.821] [DEBUG] debug-file - Current idle worker size: 1.
[2025-10-29T07:32:18.821] [DEBUG] debug-file - Current resident worker size: 2.
[2025-10-29T07:32:18.822] [DEBUG] debug-file - hvigor build process will be closed.
[2025-10-29T07:32:18.830] [DEBUG] debug-file - session manager: send message to worker process.
[2025-10-29T07:32:18.831] [DEBUG] debug-file - session manager: send message to worker process.
[2025-10-29T07:32:18.832] [DEBUG] debug-file - watch worker: worker id should be larger than 0. Nothing will be sent to any worker thread.
[2025-10-29T07:32:18.832] [DEBUG] debug-file - watch worker: worker id should be larger than 0. Nothing will be sent to any worker thread.
[2025-10-29T07:32:18.836] [DEBUG] debug-file - worker[6] exits with exit code 1.
[2025-10-29T07:33:48.132] [DEBUG] debug-file - session manager: set active socket. socketId=UbBKtsvLLaNwMpnBAAAf
[2025-10-29T07:33:48.570] [DEBUG] debug-file - watch worker: worker id should be larger than 0. Nothing will be sent to any worker thread.
[2025-10-29T07:33:49.119] [DEBUG] debug-file - Hvigor init with startParameters:{
  hvigorfileTypeCheck: false,
  parallelExecution: true,
  incrementalExecution: true,
  printStackTrace: false,
  daemon: true,
  analyze: 0,
  logLevel: Level { level: 20000, levelStr: 'INFO', colour: 'green' }
}
[2025-10-29T07:33:49.236] [DEBUG] debug-file - Cache service initialization finished in 117 ms 
[2025-10-29T07:33:49.254] [DEBUG] debug-file - hvigorfile, resolving /Users/lanmin/Documents/PersonalItem/CardGameApp/CardItem/hvigorfile.ts
[2025-10-29T07:33:49.327] [DEBUG] debug-file - hvigorfile, require result:  { default: { plugins: [] } }
[2025-10-29T07:33:49.327] [DEBUG] debug-file - hvigorfile, binding system plugins null
[2025-10-29T07:33:49.416] [DEBUG] debug-file - Start initialize project's product build option map with build mode debug.
[2025-10-29T07:33:49.417] [DEBUG] debug-file - Picking option from product 'default' with build mode 'debug'.
[2025-10-29T07:33:49.417] [DEBUG] debug-file - Product 'default' build option initialized
[2025-10-29T07:33:49.417] [DEBUG] debug-file - End initialize project's product build option map with build mode 'debug'.
[2025-10-29T07:33:49.419] [DEBUG] debug-file - Obtain build option for product 'default'in this build.
[2025-10-29T07:33:49.449] [DEBUG] debug-file - No signingConfig found, initRemoteHspCache failed.
[2025-10-29T07:33:49.455] [DEBUG] debug-file - Start recording SDK configuration permission data.
[2025-10-29T07:33:49.492] [DEBUG] debug-file - Sdk init in 41 ms 
[2025-10-29T07:33:49.508] [DEBUG] debug-file - Project task initialization takes 16 ms 
[2025-10-29T07:33:49.508] [DEBUG] debug-file - hvigorfile, binding custom plugins []
[2025-10-29T07:33:49.508] [DEBUG] debug-file - hvigorfile, no custom plugins were found in /Users/lanmin/Documents/PersonalItem/CardGameApp/CardItem/hvigorfile.ts
[2025-10-29T07:33:49.508] [DEBUG] debug-file - hvigorfile, resolve finished /Users/lanmin/Documents/PersonalItem/CardGameApp/CardItem/hvigorfile.ts
[2025-10-29T07:33:49.513] [DEBUG] debug-file - hvigorfile, resolving /Users/lanmin/Documents/PersonalItem/CardGameApp/CardItem/entry/hvigorfile.ts
[2025-10-29T07:33:49.518] [DEBUG] debug-file - hvigorfile, require result:  { default: { plugins: [] } }
[2025-10-29T07:33:49.519] [DEBUG] debug-file - hvigorfile, binding system plugins null
[2025-10-29T07:33:49.531] [DEBUG] debug-file - Start initialize module-target build option map, moduleName=entry, buildMode=debug
[2025-10-29T07:33:49.531] [DEBUG] debug-file - Target 'default' config initialized
[2025-10-29T07:33:49.531] [DEBUG] debug-file - Target 'ohosTest' config initialized
[2025-10-29T07:33:49.531] [DEBUG] debug-file - Module 'entry' target 'default' build option initialized
[2025-10-29T07:33:49.531] [DEBUG] debug-file - Module 'entry' target 'ohosTest' build option initialized
[2025-10-29T07:33:49.531] [DEBUG] debug-file - End initialize module-target build option map, moduleName=entry
[2025-10-29T07:33:49.533] [DEBUG] debug-file - Obtain build option for module 'entry' target 'default'in this build.
[2025-10-29T07:33:49.538] [DEBUG] debug-file - Module entry task initialization takes 4 ms 
[2025-10-29T07:33:49.538] [DEBUG] debug-file - hvigorfile, binding custom plugins []
[2025-10-29T07:33:49.538] [DEBUG] debug-file - hvigorfile, no custom plugins were found in /Users/lanmin/Documents/PersonalItem/CardGameApp/CardItem/entry/hvigorfile.ts
[2025-10-29T07:33:49.538] [DEBUG] debug-file - hvigorfile, resolve finished /Users/lanmin/Documents/PersonalItem/CardGameApp/CardItem/entry/hvigorfile.ts
[2025-10-29T07:33:49.694] [DEBUG] debug-file - hvigorfile, resolve hvigorfile dependencies in 155 ms 
[2025-10-29T07:33:49.695] [DEBUG] debug-file - project has submodules:entry
[2025-10-29T07:33:49.703] [DEBUG] debug-file - start to load updatedOhPackageInfo to the disk
[2025-10-29T07:33:49.725] [DEBUG] debug-file - load to the disk finished
[2025-10-29T07:33:49.727] [DEBUG] debug-file - Start to initialize dependency information.
[2025-10-29T07:33:49.729] [DEBUG] debug-file - Module CardItem Collected Dependency: 
[2025-10-29T07:33:49.729] [DEBUG] debug-file - Module CardItem's total dependency: 0
[2025-10-29T07:33:49.730] [DEBUG] debug-file - Start to initialize dependency information.
[2025-10-29T07:33:49.731] [DEBUG] debug-file - Module entry Collected Dependency: 
[2025-10-29T07:33:49.733] [DEBUG] debug-file - Module entry's total dependency: 0
[2025-10-29T07:33:49.754] [DEBUG] debug-file - Configuration phase cost:508 ms 
[2025-10-29T07:33:49.770] [DEBUG] debug-file - Configuration task cost before running: 908 ms 
[2025-10-29T07:33:49.772] [DEBUG] debug-file - jsonObjWithoutParam {} at undefined
[2025-10-29T07:33:49.772] [DEBUG] debug-file - jsonObjWithoutParam {"name":"entry","version":"1.0.0","description":"Please describe the basic information.","main":"","author":"","license":"","dependencies":{}} at undefined
[2025-10-29T07:33:49.785] [DEBUG] debug-file - Executing task :entry:default@PreBuild
[2025-10-29T07:33:49.789] [DEBUG] debug-file - Incremental task entry:default@PreBuild pre-execution cost: 2 ms .
[2025-10-29T07:33:49.789] [DEBUG] debug-file - entry : default@PreBuild cost memory 0.22991180419921875
[2025-10-29T07:33:49.791] [INFO] debug-file - UP-TO-DATE :entry:default@PreBuild...  
[2025-10-29T07:33:49.792] [DEBUG] debug-file - jsonObjWithoutParam {} at undefined
[2025-10-29T07:33:49.792] [DEBUG] debug-file - jsonObjWithoutParam {"name":"entry","version":"1.0.0","description":"Please describe the basic information.","main":"","author":"","license":"","dependencies":{}} at undefined
[2025-10-29T07:33:49.793] [DEBUG] debug-file - Executing task :entry:default@CreateModuleInfo
[2025-10-29T07:33:49.793] [DEBUG] debug-file - Task 'entry:default@CreateModuleInfo' cost while wrapping incremental declarations: 1 ms 
[2025-10-29T07:33:49.794] [DEBUG] debug-file - entry : default@CreateModuleInfo cost memory 0.0510406494140625
[2025-10-29T07:33:49.794] [DEBUG] debug-file - runTaskFromQueue task cost before running: 932 ms 
[2025-10-29T07:33:49.794] [INFO] debug-file - Finished :entry:default@CreateModuleInfo... after 1 ms 
[2025-10-29T07:33:49.801] [DEBUG] debug-file - jsonObjWithoutParam {} at undefined
[2025-10-29T07:33:49.801] [DEBUG] debug-file - jsonObjWithoutParam {"name":"entry","version":"1.0.0","description":"Please describe the basic information.","main":"","author":"","license":"","dependencies":{}} at undefined
[2025-10-29T07:33:49.810] [DEBUG] debug-file - Executing task :entry:default@GenerateMetadata
[2025-10-29T07:33:49.812] [DEBUG] debug-file - Task 'entry:default@GenerateMetadata' cost while wrapping incremental declarations: 2 ms 
[2025-10-29T07:33:49.813] [DEBUG] debug-file - Incremental task entry:default@GenerateMetadata pre-execution cost: 1 ms .
[2025-10-29T07:33:49.813] [DEBUG] debug-file - entry : default@GenerateMetadata cost memory 0.08447265625
[2025-10-29T07:33:49.813] [INFO] debug-file - UP-TO-DATE :entry:default@GenerateMetadata...  
[2025-10-29T07:33:49.817] [DEBUG] debug-file - jsonObjWithoutParam {} at undefined
[2025-10-29T07:33:49.817] [DEBUG] debug-file - jsonObjWithoutParam {"name":"entry","version":"1.0.0","description":"Please describe the basic information.","main":"","author":"","license":"","dependencies":{}} at undefined
[2025-10-29T07:33:49.817] [DEBUG] debug-file - Executing task :entry:default@ConfigureCmake
[2025-10-29T07:33:49.817] [DEBUG] debug-file - jsonObjWithoutParam {} at undefined
[2025-10-29T07:33:49.817] [DEBUG] debug-file - jsonObjWithoutParam {"name":"entry","version":"1.0.0","description":"Please describe the basic information.","main":"","author":"","license":"","dependencies":{}} at undefined
[2025-10-29T07:33:49.824] [DEBUG] debug-file - entry : default@ConfigureCmake cost memory -8.001564025878906
[2025-10-29T07:33:49.824] [DEBUG] debug-file - runTaskFromQueue task cost before running: 963 ms 
[2025-10-29T07:33:49.825] [INFO] debug-file - Finished :entry:default@ConfigureCmake... after 8 ms 
[2025-10-29T07:33:49.826] [DEBUG] debug-file - jsonObjWithoutParam {} at undefined
[2025-10-29T07:33:49.826] [DEBUG] debug-file - jsonObjWithoutParam {"name":"entry","version":"1.0.0","description":"Please describe the basic information.","main":"","author":"","license":"","dependencies":{}} at undefined
[2025-10-29T07:33:49.826] [DEBUG] debug-file - Executing task :entry:default@MergeProfile
[2025-10-29T07:33:49.827] [DEBUG] debug-file - Incremental task entry:default@MergeProfile pre-execution cost: 1 ms .
[2025-10-29T07:33:49.827] [DEBUG] debug-file - entry : default@MergeProfile cost memory 0.1076202392578125
[2025-10-29T07:33:49.828] [INFO] debug-file - UP-TO-DATE :entry:default@MergeProfile...  
[2025-10-29T07:33:49.832] [DEBUG] debug-file - jsonObjWithoutParam {} at undefined
[2025-10-29T07:33:49.832] [DEBUG] debug-file - jsonObjWithoutParam {"name":"entry","version":"1.0.0","description":"Please describe the basic information.","main":"","author":"","license":"","dependencies":{}} at undefined
[2025-10-29T07:33:49.833] [DEBUG] debug-file - Executing task :entry:default@CreateBuildProfile
[2025-10-29T07:33:49.834] [DEBUG] debug-file - Task 'entry:default@CreateBuildProfile' cost while wrapping incremental declarations: 1 ms 
[2025-10-29T07:33:49.834] [DEBUG] debug-file - Incremental task entry:default@CreateBuildProfile pre-execution cost: 1 ms .
[2025-10-29T07:33:49.834] [DEBUG] debug-file - entry : default@CreateBuildProfile cost memory 0.08843231201171875
[2025-10-29T07:33:49.834] [INFO] debug-file - UP-TO-DATE :entry:default@CreateBuildProfile...  
[2025-10-29T07:33:49.835] [DEBUG] debug-file - jsonObjWithoutParam {} at undefined
[2025-10-29T07:33:49.835] [DEBUG] debug-file - jsonObjWithoutParam {"name":"entry","version":"1.0.0","description":"Please describe the basic information.","main":"","author":"","license":"","dependencies":{}} at undefined
[2025-10-29T07:33:49.835] [DEBUG] debug-file - Executing task :entry:default@PreCheckSyscap
[2025-10-29T07:33:49.835] [DEBUG] debug-file - jsonObjWithoutParam {} at undefined
[2025-10-29T07:33:49.835] [DEBUG] debug-file - jsonObjWithoutParam {"name":"entry","version":"1.0.0","description":"Please describe the basic information.","main":"","author":"","license":"","dependencies":{}} at undefined
[2025-10-29T07:33:49.835] [DEBUG] debug-file - entry : default@PreCheckSyscap cost memory 0.0426177978515625
[2025-10-29T07:33:49.835] [DEBUG] debug-file - runTaskFromQueue task cost before running: 974 ms 
[2025-10-29T07:33:49.835] [INFO] debug-file - Finished :entry:default@PreCheckSyscap... after 1 ms 
[2025-10-29T07:33:49.836] [DEBUG] debug-file - jsonObjWithoutParam {} at undefined
[2025-10-29T07:33:49.836] [DEBUG] debug-file - jsonObjWithoutParam {"name":"entry","version":"1.0.0","description":"Please describe the basic information.","main":"","author":"","license":"","dependencies":{}} at undefined
[2025-10-29T07:33:49.838] [DEBUG] debug-file - Executing task :entry:default@GeneratePkgContextInfo
[2025-10-29T07:33:49.838] [DEBUG] debug-file - Task 'entry:default@GeneratePkgContextInfo' cost while wrapping incremental declarations: 1 ms 
[2025-10-29T07:33:49.839] [DEBUG] debug-file - Incremental task entry:default@GeneratePkgContextInfo pre-execution cost: 1 ms .
[2025-10-29T07:33:49.839] [DEBUG] debug-file - entry : default@GeneratePkgContextInfo cost memory 0.0615997314453125
[2025-10-29T07:33:49.839] [INFO] debug-file - UP-TO-DATE :entry:default@GeneratePkgContextInfo...  
[2025-10-29T07:33:49.841] [DEBUG] debug-file - jsonObjWithoutParam {} at undefined
[2025-10-29T07:33:49.841] [DEBUG] debug-file - jsonObjWithoutParam {"name":"entry","version":"1.0.0","description":"Please describe the basic information.","main":"","author":"","license":"","dependencies":{}} at undefined
[2025-10-29T07:33:49.842] [DEBUG] debug-file - Executing task :entry:default@ProcessIntegratedHsp
[2025-10-29T07:33:49.843] [DEBUG] debug-file - entry:default@ProcessIntegratedHsp is not up-to-date, since the output file '/Users/lanmin/Documents/PersonalItem/CardGameApp/CardItem/build/cache/default/integrated_hsp/integratedHspCache.json' does not exist.
[2025-10-29T07:33:49.843] [DEBUG] debug-file - Incremental task entry:default@ProcessIntegratedHsp pre-execution cost: 1 ms .
[2025-10-29T07:33:49.843] [DEBUG] debug-file - jsonObjWithoutParam {} at undefined
[2025-10-29T07:33:49.843] [DEBUG] debug-file - jsonObjWithoutParam {"name":"entry","version":"1.0.0","description":"Please describe the basic information.","main":"","author":"","license":"","dependencies":{}} at undefined
[2025-10-29T07:33:49.843] [DEBUG] debug-file - entry : default@ProcessIntegratedHsp cost memory 0.1086273193359375
[2025-10-29T07:33:49.843] [DEBUG] debug-file - runTaskFromQueue task cost before running: 982 ms 
[2025-10-29T07:33:49.844] [INFO] debug-file - Finished :entry:default@ProcessIntegratedHsp... after 2 ms 
[2025-10-29T07:33:49.845] [DEBUG] debug-file - jsonObjWithoutParam {} at undefined
[2025-10-29T07:33:49.845] [DEBUG] debug-file - jsonObjWithoutParam {"name":"entry","version":"1.0.0","description":"Please describe the basic information.","main":"","author":"","license":"","dependencies":{}} at undefined
[2025-10-29T07:33:49.845] [DEBUG] debug-file - Executing task :entry:default@BuildNativeWithCmake
[2025-10-29T07:33:49.845] [DEBUG] debug-file - jsonObjWithoutParam {} at undefined
[2025-10-29T07:33:49.845] [DEBUG] debug-file - jsonObjWithoutParam {"name":"entry","version":"1.0.0","description":"Please describe the basic information.","main":"","author":"","license":"","dependencies":{}} at undefined
[2025-10-29T07:33:49.845] [DEBUG] debug-file - entry : default@BuildNativeWithCmake cost memory 0.03797149658203125
[2025-10-29T07:33:49.845] [DEBUG] debug-file - runTaskFromQueue task cost before running: 983 ms 
[2025-10-29T07:33:49.845] [INFO] debug-file - Finished :entry:default@BuildNativeWithCmake... after 1 ms 
[2025-10-29T07:33:49.849] [DEBUG] debug-file - jsonObjWithoutParam {} at undefined
[2025-10-29T07:33:49.850] [DEBUG] debug-file - jsonObjWithoutParam {"name":"entry","version":"1.0.0","description":"Please describe the basic information.","main":"","author":"","license":"","dependencies":{}} at undefined
[2025-10-29T07:33:49.850] [DEBUG] debug-file - Executing task :entry:default@MakePackInfo
[2025-10-29T07:33:49.852] [DEBUG] debug-file - Incremental task entry:default@MakePackInfo pre-execution cost: 2 ms .
[2025-10-29T07:33:49.852] [DEBUG] debug-file - entry : default@MakePackInfo cost memory 0.13410186767578125
[2025-10-29T07:33:49.853] [INFO] debug-file - UP-TO-DATE :entry:default@MakePackInfo...  
[2025-10-29T07:33:49.853] [DEBUG] debug-file - jsonObjWithoutParam {} at undefined
[2025-10-29T07:33:49.853] [DEBUG] debug-file - jsonObjWithoutParam {"name":"entry","version":"1.0.0","description":"Please describe the basic information.","main":"","author":"","license":"","dependencies":{}} at undefined
[2025-10-29T07:33:49.854] [DEBUG] debug-file - Executing task :entry:default@SyscapTransform
[2025-10-29T07:33:49.854] [DEBUG] debug-file - File: '/Users/lanmin/Documents/PersonalItem/CardGameApp/CardItem/entry/src/main/syscap.json' from 'sysCapJsonPath' is not exists, just ignore.
[2025-10-29T07:33:49.854] [DEBUG] debug-file - Task 'entry:default@SyscapTransform' cost while wrapping incremental declarations: 1 ms 
[2025-10-29T07:33:49.855] [DEBUG] debug-file - entry:default@SyscapTransform is not up-to-date, since the output file '/Users/lanmin/Documents/PersonalItem/CardGameApp/CardItem/entry/build/default/intermediates/syscap/default/rpcid.sc' does not exist.
[2025-10-29T07:33:49.855] [DEBUG] debug-file - Incremental task entry:default@SyscapTransform pre-execution cost: 1 ms .
[2025-10-29T07:33:49.855] [DEBUG] debug-file - jsonObjWithoutParam {} at undefined
[2025-10-29T07:33:49.855] [DEBUG] debug-file - jsonObjWithoutParam {"name":"entry","version":"1.0.0","description":"Please describe the basic information.","main":"","author":"","license":"","dependencies":{}} at undefined
[2025-10-29T07:33:49.855] [DEBUG] debug-file - entry : default@SyscapTransform cost memory 0.230499267578125
[2025-10-29T07:33:49.855] [DEBUG] debug-file - runTaskFromQueue task cost before running: 993 ms 
[2025-10-29T07:33:49.855] [INFO] debug-file - Finished :entry:default@SyscapTransform... after 2 ms 
[2025-10-29T07:33:49.857] [DEBUG] debug-file - jsonObjWithoutParam {} at undefined
[2025-10-29T07:33:49.857] [DEBUG] debug-file - jsonObjWithoutParam {"name":"entry","version":"1.0.0","description":"Please describe the basic information.","main":"","author":"","license":"","dependencies":{}} at undefined
[2025-10-29T07:33:49.858] [DEBUG] debug-file - Executing task :entry:default@ProcessProfile
[2025-10-29T07:33:49.860] [DEBUG] debug-file - Incremental task entry:default@ProcessProfile pre-execution cost: 1 ms .
[2025-10-29T07:33:49.860] [DEBUG] debug-file - entry : default@ProcessProfile cost memory 0.09989166259765625
[2025-10-29T07:33:49.860] [INFO] debug-file - UP-TO-DATE :entry:default@ProcessProfile...  
[2025-10-29T07:33:49.861] [DEBUG] debug-file - jsonObjWithoutParam {} at undefined
[2025-10-29T07:33:49.861] [DEBUG] debug-file - jsonObjWithoutParam {"name":"entry","version":"1.0.0","description":"Please describe the basic information.","main":"","author":"","license":"","dependencies":{}} at undefined
[2025-10-29T07:33:49.861] [DEBUG] debug-file - Executing task :entry:default@ProcessRouterMap
[2025-10-29T07:33:49.863] [DEBUG] debug-file - Incremental task entry:default@ProcessRouterMap pre-execution cost: 2 ms .
[2025-10-29T07:33:49.863] [DEBUG] debug-file - entry : default@ProcessRouterMap cost memory 0.1813812255859375
[2025-10-29T07:33:49.864] [INFO] debug-file - UP-TO-DATE :entry:default@ProcessRouterMap...  
[2025-10-29T07:33:49.866] [DEBUG] debug-file - jsonObjWithoutParam {} at undefined
[2025-10-29T07:33:49.866] [DEBUG] debug-file - jsonObjWithoutParam {"name":"entry","version":"1.0.0","description":"Please describe the basic information.","main":"","author":"","license":"","dependencies":{}} at undefined
[2025-10-29T07:33:49.866] [DEBUG] debug-file - Executing task :entry:default@BuildNativeWithNinja
[2025-10-29T07:33:49.866] [DEBUG] debug-file - jsonObjWithoutParam {} at undefined
[2025-10-29T07:33:49.866] [DEBUG] debug-file - jsonObjWithoutParam {"name":"entry","version":"1.0.0","description":"Please describe the basic information.","main":"","author":"","license":"","dependencies":{}} at undefined
[2025-10-29T07:33:49.867] [DEBUG] debug-file - entry : default@BuildNativeWithNinja cost memory 0.05297088623046875
[2025-10-29T07:33:49.867] [DEBUG] debug-file - runTaskFromQueue task cost before running: 1 s 5 ms 
[2025-10-29T07:33:49.867] [INFO] debug-file - Finished :entry:default@BuildNativeWithNinja... after 1 ms 
[2025-10-29T07:33:49.868] [DEBUG] debug-file - jsonObjWithoutParam {} at undefined
[2025-10-29T07:33:49.868] [DEBUG] debug-file - jsonObjWithoutParam {"name":"entry","version":"1.0.0","description":"Please describe the basic information.","main":"","author":"","license":"","dependencies":{}} at undefined
[2025-10-29T07:33:49.869] [DEBUG] debug-file - restool module names: entry; moduleName=entry, taskName=default@ProcessResource
[2025-10-29T07:33:49.870] [DEBUG] debug-file - Executing task :entry:default@ProcessResource
[2025-10-29T07:33:49.871] [DEBUG] debug-file - Incremental task entry:default@ProcessResource pre-execution cost: 1 ms .
[2025-10-29T07:33:49.871] [DEBUG] debug-file - entry : default@ProcessResource cost memory 0.13854217529296875
[2025-10-29T07:33:49.874] [INFO] debug-file - UP-TO-DATE :entry:default@ProcessResource...  
[2025-10-29T07:33:49.876] [DEBUG] debug-file - jsonObjWithoutParam {} at undefined
[2025-10-29T07:33:49.876] [DEBUG] debug-file - jsonObjWithoutParam {"name":"entry","version":"1.0.0","description":"Please describe the basic information.","main":"","author":"","license":"","dependencies":{}} at undefined
[2025-10-29T07:33:49.879] [DEBUG] debug-file - Executing task :entry:default@GenerateLoaderJson
[2025-10-29T07:33:49.891] [DEBUG] debug-file - Incremental task entry:default@GenerateLoaderJson pre-execution cost: 5 ms .
[2025-10-29T07:33:49.891] [DEBUG] debug-file - entry : default@GenerateLoaderJson cost memory 0.6156692504882812
[2025-10-29T07:33:49.893] [INFO] debug-file - UP-TO-DATE :entry:default@GenerateLoaderJson...  
[2025-10-29T07:33:49.895] [DEBUG] debug-file - jsonObjWithoutParam {} at undefined
[2025-10-29T07:33:49.895] [DEBUG] debug-file - jsonObjWithoutParam {"name":"entry","version":"1.0.0","description":"Please describe the basic information.","main":"","author":"","license":"","dependencies":{}} at undefined
[2025-10-29T07:33:49.896] [DEBUG] debug-file - Executing task :entry:default@ProcessLibs
[2025-10-29T07:33:49.898] [DEBUG] debug-file - Incremental task entry:default@ProcessLibs pre-execution cost: 1 ms .
[2025-10-29T07:33:49.898] [DEBUG] debug-file - entry : default@ProcessLibs cost memory 0.1079864501953125
[2025-10-29T07:33:49.898] [INFO] debug-file - UP-TO-DATE :entry:default@ProcessLibs...  
[2025-10-29T07:33:49.900] [DEBUG] debug-file - jsonObjWithoutParam {} at undefined
[2025-10-29T07:33:49.900] [DEBUG] debug-file - jsonObjWithoutParam {"name":"entry","version":"1.0.0","description":"Please describe the basic information.","main":"","author":"","license":"","dependencies":{}} at undefined
[2025-10-29T07:33:49.901] [DEBUG] debug-file - restool module names: entry; moduleName=entry, taskName=default@CompileResource
[2025-10-29T07:33:49.903] [DEBUG] debug-file - Executing task :entry:default@CompileResource
[2025-10-29T07:33:49.977] [DEBUG] debug-file - Incremental task entry:default@CompileResource pre-execution cost: 73 ms .
[2025-10-29T07:33:49.977] [DEBUG] debug-file - entry : default@CompileResource cost memory 0.0037994384765625
[2025-10-29T07:33:49.977] [INFO] debug-file - UP-TO-DATE :entry:default@CompileResource...  
[2025-10-29T07:33:49.979] [DEBUG] debug-file - jsonObjWithoutParam {} at undefined
[2025-10-29T07:33:49.979] [DEBUG] debug-file - jsonObjWithoutParam {"name":"entry","version":"1.0.0","description":"Please describe the basic information.","main":"","author":"","license":"","dependencies":{}} at undefined
[2025-10-29T07:33:49.983] [DEBUG] debug-file - Executing task :entry:default@DoNativeStrip
[2025-10-29T07:33:49.984] [DEBUG] debug-file - Task 'entry:default@DoNativeStrip' cost while wrapping incremental declarations: 1 ms 
[2025-10-29T07:33:49.985] [DEBUG] debug-file - Incremental task entry:default@DoNativeStrip pre-execution cost: 1 ms .
[2025-10-29T07:33:49.985] [DEBUG] debug-file - entry : default@DoNativeStrip cost memory 0.06063079833984375
[2025-10-29T07:33:49.985] [INFO] debug-file - UP-TO-DATE :entry:default@DoNativeStrip...  
[2025-10-29T07:33:49.986] [DEBUG] debug-file - jsonObjWithoutParam {} at undefined
[2025-10-29T07:33:49.986] [DEBUG] debug-file - jsonObjWithoutParam {"name":"entry","version":"1.0.0","description":"Please describe the basic information.","main":"","author":"","license":"","dependencies":{}} at undefined
[2025-10-29T07:33:49.988] [DEBUG] debug-file - Executing task :entry:default@CompileArkTS
[2025-10-29T07:33:50.052] [DEBUG] debug-file - build config:
[2025-10-29T07:33:50.067] [DEBUG] debug-file - {
  moduleType: 'entry',
  perf: 0,
  targetName: '.default',
  packageManagerType: 'ohpm',
  localPropertiesPath: '/Users/lanmin/Documents/PersonalItem/CardGameApp/CardItem/local.properties',
  isPreview: false,
  isOhosTest: false,
  isLocalTest: false,
  buildMode: 'Debug',
  watchMode: 'false',
  aceProfilePath: '/Users/lanmin/Documents/PersonalItem/CardGameApp/CardItem/entry/build/default/intermediates/res/default/resources/base/profile',
  etsLoaderPath: '/Applications/DevEco-Studio.app/Contents/sdk/default/openharmony/ets/build-tools/ets-loader',
  modulePath: '/Users/lanmin/Documents/PersonalItem/CardGameApp/CardItem/entry',
  testFrameworkPar: {
    testMode: undefined,
    coveragePathFilter: undefined,
    coverageMode: undefined
  },
  needCoverageInsert: false,
  debugLine: false,
  projectTopDir: '/Users/lanmin/Documents/PersonalItem/CardGameApp/CardItem',
  compileSdkVersion: 17,
  compatibleSdkVersion: 17,
  compatibleSdkVersionStage: undefined,
  bundleName: 'c***d',
  etsLoaderVersion: '5.0.5.165',
  etsLoaderReleaseType: 'Release',
  aotCompileMode: 'type',
  apPath: '/Users/lanmin/Documents/PersonalItem/CardGameApp/CardItem/entry/modules.ap',
  entryModuleName: 'entry',
  entryModuleVersion: '1.0.0',
  entryPackageName: 'entry',
  allModuleNameHash: '5b05c2e038a962f9d8d16f4f603565e7',
  externalApiPaths: [ '/Applications/DevEco-Studio.app/Contents/sdk/default/hms/ets' ],
  compilerTypes: undefined,
  isCrossplatform: false,
  hvigorPluginFile: undefined,
  compilePluginPath: undefined,
  buildGeneratedProfilePath: '/Users/lanmin/Documents/PersonalItem/CardGameApp/CardItem/entry/build/default/generated/profile/default',
  bundleType: 'app',
  arkTSVersion: undefined,
  apiVersion: 17,
  needCompleteSourcesMap: false,
  isFaMode: false,
  strictMode: {
    caseSensitiveCheck: true,
    useNormalizedOHMUrl: true,
    noExternalImportByPath: true
  },
  buildDir: '/Users/lanmin/Documents/PersonalItem/CardGameApp/CardItem/entry/build',
  deviceTypes: [ 'phone', 'tablet', '2in1' ],
  useNormalizedOHMUrl: true,
  pkgContextInfo: {
    '@ohos/hypium': {
      packageName: '@ohos/hypium',
      bundleName: '*****',
      moduleName: '',
      version: '1.0.21',
      entryPath: 'index.js',
      isSO: false,
      dependencyAlias: ''
    },
    '@ohos/hamock': {
      packageName: '@ohos/hamock',
      bundleName: '*****',
      moduleName: '',
      version: '1.0.0',
      entryPath: 'index.ets',
      isSO: false,
      dependencyAlias: ''
    },
    entry: {
      packageName: 'entry',
      bundleName: '*****',
      moduleName: '',
      version: '',
      entryPath: 'src/main/',
      isSO: false,
      dependencyAlias: ''
    }
  },
  ohPackagePathMap: {},
  dependencyAliasMap: {},
  permission: { requestPermissions: [ [Object] ], definePermissions: undefined },
  integratedHsp: false,
  projectArkOption: undefined,
  sourceMapDir: undefined,
  branchElimination: false,
  transformLib: undefined,
  caseSensitiveCheck: true,
  tsImportSendable: false,
  resolveConflictMode: true,
  depName2RootPath: {},
  depName2DepInfo: {},
  rootPathSet: [ '/Users/lanmin/Documents/PersonalItem/CardGameApp/CardItem' ],
  useNativeResolver: true,
  shouldEmitJs: true,
  autoLazyImport: undefined,
  allowEmptyBundleName: false,
  singleFileEmit: false,
  arkCompileCachePath: '/Users/lanmin/Documents/PersonalItem/CardGameApp/CardItem/entry/build/default/cache/default/default@CompileArkTS/esmodule',
  reExportCheckMode: 'noCheck',
  aceModuleJsonPath: '/Users/lanmin/Documents/PersonalItem/CardGameApp/CardItem/entry/build/default/intermediates/res/default/ark_module.json',
  appResource: '/Users/lanmin/Documents/PersonalItem/CardGameApp/CardItem/entry/build/default/intermediates/res/default/ResourceTable.txt',
  rawFileResource: '/Users/lanmin/Documents/PersonalItem/CardGameApp/CardItem/entry/build/default/intermediates/res/default/resources/rawfile',
  resourceTableHash: 'e98f4c3f07d4cda5f231894611bedfe9',
  runtimeOS: 'HarmonyOS',
  sdkInfo: 'false:17:5.0.5.165:Release',
  aceModuleRoot: '/Users/lanmin/Documents/PersonalItem/CardGameApp/CardItem/entry/src/main/ets',
  compileMode: 'esmodule',
  aceSuperVisualPath: '/Users/lanmin/Documents/PersonalItem/CardGameApp/CardItem/entry/src/main/supervisual',
  aceBuildJson: '/Users/lanmin/Documents/PersonalItem/CardGameApp/CardItem/entry/build/default/intermediates/loader/default/loader.json',
  cachePath: '/Users/lanmin/Documents/PersonalItem/CardGameApp/CardItem/entry/build/default/cache/default/default@CompileArkTS/esmodule/debug',
  aceModuleBuild: '/Users/lanmin/Documents/PersonalItem/CardGameApp/CardItem/entry/build/default/intermediates/loader_out/default/ets',
  supportChunks: true,
  declaredFilesPath: undefined,
  pkgNameToPkgBriefInfo: {
    entry: {
      pkgRoot: '/Users/lanmin/Documents/PersonalItem/CardGameApp/CardItem/entry',
      originalSourceRoots: undefined,
      sourceRoots: [Array],
      pkgName: 'entry'
    }
  },
  projectModel: {
    '/Users/lanmin/Documents/PersonalItem/CardGameApp/CardItem/entry/src/main': {
      moduleName: 'entry',
      modulePkgPath: '/Users/lanmin/Documents/PersonalItem/CardGameApp/CardItem/entry',
      belongProjectPath: '/Users/lanmin/Documents/PersonalItem/CardGameApp/CardItem'
    },
    '/Users/lanmin/Documents/PersonalItem/CardGameApp/CardItem/entry/build/default/intermediates/src/ohosTest/ets': {
      moduleName: 'entry_test',
      modulePkgPath: '/Users/lanmin/Documents/PersonalItem/CardGameApp/CardItem/entry',
      belongProjectPath: '/Users/lanmin/Documents/PersonalItem/CardGameApp/CardItem'
    },
    '/Users/lanmin/Documents/PersonalItem/CardGameApp/CardItem/entry/src/ohosTest': {
      moduleName: 'entry_test',
      modulePkgPath: '/Users/lanmin/Documents/PersonalItem/CardGameApp/CardItem/entry',
      belongProjectPath: '/Users/lanmin/Documents/PersonalItem/CardGameApp/CardItem'
    },
    '/Users/lanmin/Documents/PersonalItem/CardGameApp/CardItem/entry': {
      moduleName: 'entry',
      modulePkgPath: '/Users/lanmin/Documents/PersonalItem/CardGameApp/CardItem/entry',
      belongProjectPath: '/Users/lanmin/Documents/PersonalItem/CardGameApp/CardItem'
    },
    '/Users/lanmin/Documents/PersonalItem/CardGameApp/CardItem': {
      moduleName: 'CardItem',
      modulePkgPath: '/Users/lanmin/Documents/PersonalItem/CardGameApp/CardItem',
      belongProjectPath: '/Users/lanmin/Documents/PersonalItem/CardGameApp/CardItem'
    }
  },
  pkgJsonFileHash: '6b89abcf4532b4f864472c17cdcdc9c1',
  allModulePaths: [ '/Users/lanmin/Documents/PersonalItem/CardGameApp/CardItem/entry' ],
  routerMap: {},
  obfuscationOptions: undefined,
  compileBlockPkg: [],
  mockParams: {
    decorator: '@MockSetup',
    packageName: '@ohos/hamock',
    etsSourceRootPath: 'src/main/ets',
    mockConfigPath: '/Users/lanmin/Documents/PersonalItem/CardGameApp/CardItem/entry/src/mock/mock-config.json5',
    mockConfigKey2ModuleInfo: {}
  },
  copyCodeResourceEnable: true,
  copyCodeResourceExcludes: [],
  uiTransformOptimization: false,
  otherPaths: {
    'entry/*': [ '../*', '../../../build/default/generated/profile/default/*' ]
  },
  collectImportersConfig: undefined
}
[2025-10-29T07:33:50.069] [DEBUG] debug-file - Compile arkts with external api path: /Applications/DevEco-Studio.app/Contents/sdk/default/hms/ets
[2025-10-29T07:33:50.071] [DEBUG] debug-file - default@CompileArkTS work[38] is submitted.
[2025-10-29T07:33:50.075] [DEBUG] debug-file - default@CompileArkTS work[38] is pushed to ready queue.
[2025-10-29T07:33:50.075] [DEBUG] debug-file - default@CompileArkTS work[38] is not dispatched.
[2025-10-29T07:33:50.075] [DEBUG] debug-file - CopyResources startTime: 510645253437041
[2025-10-29T07:33:50.075] [DEBUG] debug-file - default@CompileArkTS work[39] is submitted.
[2025-10-29T07:33:50.077] [DEBUG] debug-file - default@CompileArkTS work[39] is pushed to ready queue.
[2025-10-29T07:33:50.077] [DEBUG] debug-file - default@CompileArkTS work[39] is not dispatched.
[2025-10-29T07:33:50.078] [DEBUG] debug-file - entry : default@CompileArkTS cost memory -6.018928527832031
[2025-10-29T07:33:50.089] [DEBUG] debug-file - jsonObjWithoutParam {} at undefined
[2025-10-29T07:33:50.089] [DEBUG] debug-file - jsonObjWithoutParam {"name":"entry","version":"1.0.0","description":"Please describe the basic information.","main":"","author":"","license":"","dependencies":{}} at undefined
[2025-10-29T07:33:50.092] [DEBUG] debug-file - Executing task :entry:default@BuildJS
[2025-10-29T07:33:50.094] [DEBUG] debug-file - entry : default@BuildJS cost memory 0.12848663330078125
[2025-10-29T07:33:50.094] [DEBUG] debug-file - runTaskFromQueue task cost before running: 1 s 233 ms 
[2025-10-29T07:33:50.095] [INFO] debug-file - Finished :entry:default@BuildJS... after 2 ms 
[2025-10-29T07:33:50.096] [DEBUG] debug-file - jsonObjWithoutParam {} at undefined
[2025-10-29T07:33:50.096] [DEBUG] debug-file - jsonObjWithoutParam {"name":"entry","version":"1.0.0","description":"Please describe the basic information.","main":"","author":"","license":"","dependencies":{}} at undefined
[2025-10-29T07:33:50.099] [DEBUG] debug-file - Executing task :entry:default@CacheNativeLibs
[2025-10-29T07:33:50.099] [DEBUG] debug-file - Task 'entry:default@CacheNativeLibs' cost while wrapping incremental declarations: 1 ms 
[2025-10-29T07:33:50.100] [DEBUG] debug-file - Incremental task entry:default@CacheNativeLibs pre-execution cost: 1 ms .
[2025-10-29T07:33:50.100] [DEBUG] debug-file - entry : default@CacheNativeLibs cost memory 0.07057952880859375
[2025-10-29T07:33:50.101] [INFO] debug-file - UP-TO-DATE :entry:default@CacheNativeLibs...  
[2025-10-29T07:33:50.277] [DEBUG] debug-file - A work dispatched to worker[7] failed because unable to get work from ready queue.
[2025-10-29T07:33:50.277] [DEBUG] debug-file - Create  resident worker with id: 6.
[2025-10-29T07:33:50.279] [DEBUG] debug-file - default@CompileArkTS work[39] has been dispatched to worker[6].
[2025-10-29T07:33:50.786] [DEBUG] debug-file - A work dispatched to worker[7] failed because unable to get work from ready queue.
[2025-10-29T07:33:50.786] [DEBUG] debug-file - A work dispatched to worker[6] failed because of worker busy.
[2025-10-29T07:33:50.786] [DEBUG] debug-file - A work dispatched to worker[5] failed because unable to get work from ready queue.
[2025-10-29T07:33:50.787] [DEBUG] debug-file - default@CompileArkTS work[38] has been dispatched to worker[4].
[2025-10-29T07:33:51.021] [DEBUG] debug-file - worker[6] has one work done.
[2025-10-29T07:33:51.021] [DEBUG] debug-file - CopyResources is end, endTime: 510646199392416
[2025-10-29T07:33:51.021] [DEBUG] debug-file - default@CompileArkTS work[39] done.
[2025-10-29T07:33:51.021] [DEBUG] debug-file - A work dispatched to worker[6] failed because unable to get work from ready queue.
[2025-10-29T07:33:52.707] [DEBUG] debug-file - worker[4] has one work done.
[2025-10-29T07:33:52.711] [DEBUG] debug-file - default@CompileArkTS work[38] done.
[2025-10-29T07:33:52.711] [DEBUG] debug-file - A work dispatched to worker[4] failed because unable to get work from ready queue.
[2025-10-29T07:33:52.713] [INFO] debug-file - Finished :entry:default@CompileArkTS... after 2 s 7 ms 
[2025-10-29T07:33:52.715] [DEBUG] debug-file - jsonObjWithoutParam {} at undefined
[2025-10-29T07:33:52.715] [DEBUG] debug-file - jsonObjWithoutParam {"name":"entry","version":"1.0.0","description":"Please describe the basic information.","main":"","author":"","license":"","dependencies":{}} at undefined
[2025-10-29T07:33:52.715] [DEBUG] debug-file - Executing task :entry:default@GeneratePkgModuleJson
[2025-10-29T07:33:52.715] [DEBUG] debug-file - Task 'entry:default@GeneratePkgModuleJson' cost while wrapping incremental declarations: 1 ms 
[2025-10-29T07:33:52.716] [DEBUG] debug-file - Incremental task entry:default@GeneratePkgModuleJson pre-execution cost: 1 ms .
[2025-10-29T07:33:52.716] [DEBUG] debug-file - entry : default@GeneratePkgModuleJson cost memory 0.06044769287109375
[2025-10-29T07:33:52.716] [INFO] debug-file - UP-TO-DATE :entry:default@GeneratePkgModuleJson...  
[2025-10-29T07:33:52.718] [DEBUG] debug-file - jsonObjWithoutParam {} at undefined
[2025-10-29T07:33:52.718] [DEBUG] debug-file - jsonObjWithoutParam {"name":"entry","version":"1.0.0","description":"Please describe the basic information.","main":"","author":"","license":"","dependencies":{}} at undefined
[2025-10-29T07:33:52.721] [DEBUG] debug-file - Executing task :entry:default@PackageHap
[2025-10-29T07:33:52.735] [DEBUG] debug-file - entry:default@PackageHap is not up-to-date, since the input file '/Users/lanmin/Documents/PersonalItem/CardGameApp/CardItem/entry/build/default/intermediates/loader_out/default/ets' has been changed.
[2025-10-29T07:33:52.735] [DEBUG] debug-file - Incremental task entry:default@PackageHap pre-execution cost: 15 ms .
[2025-10-29T07:33:52.736] [DEBUG] debug-file - jsonObjWithoutParam {} at undefined
[2025-10-29T07:33:52.736] [DEBUG] debug-file - jsonObjWithoutParam {"name":"entry","version":"1.0.0","description":"Please describe the basic information.","main":"","author":"","license":"","dependencies":{}} at undefined
[2025-10-29T07:33:52.737] [DEBUG] debug-file - Use tool [/Applications/DevEco-Studio.app/Contents/sdk/default/openharmony/toolchains/lib/app_packing_tool.jar]
 [
  'java',
  '-Dfile.encoding=utf-8',
  '-jar',
  '/Applications/DevEco-Studio.app/Contents/sdk/default/openharmony/toolchains/lib/app_packing_tool.jar',
  '--mode',
  'hap',
  '--force',
  'true',
  '--lib-path',
  '/Users/lanmin/Documents/PersonalItem/CardGameApp/CardItem/entry/build/default/intermediates/stripped_native_libs/default',
  '--json-path',
  '/Users/lanmin/Documents/PersonalItem/CardGameApp/CardItem/entry/build/default/intermediates/package/default/module.json',
  '--resources-path',
  '/Users/lanmin/Documents/PersonalItem/CardGameApp/CardItem/entry/build/default/intermediates/res/default/resources',
  '--index-path',
  '/Users/lanmin/Documents/PersonalItem/CardGameApp/CardItem/entry/build/default/intermediates/res/default/resources.index',
  '--pack-info-path',
  '/Users/lanmin/Documents/PersonalItem/CardGameApp/CardItem/entry/build/default/outputs/default/pack.info',
  '--out-path',
  '/Users/lanmin/Documents/PersonalItem/CardGameApp/CardItem/entry/build/default/outputs/default/entry-default-unsigned.hap',
  '--ets-path',
  '/Users/lanmin/Documents/PersonalItem/CardGameApp/CardItem/entry/build/default/intermediates/loader_out/default/ets',
  '--pkg-context-path',
  '/Users/lanmin/Documents/PersonalItem/CardGameApp/CardItem/entry/build/default/intermediates/loader/default/pkgContextInfo.json'
]
[2025-10-29T07:33:52.738] [DEBUG] debug-file - default@PackageHap work[40] is submitted.
[2025-10-29T07:33:52.739] [DEBUG] debug-file - default@PackageHap work[40] is pushed to ready queue.
[2025-10-29T07:33:52.739] [DEBUG] debug-file - A work dispatched to worker[7] failed because unable to get work from ready queue.
[2025-10-29T07:33:52.744] [DEBUG] debug-file - default@PackageHap work[40] has been dispatched to worker[6].
[2025-10-29T07:33:52.744] [DEBUG] debug-file - default@PackageHap work[40] is dispatched.
[2025-10-29T07:33:52.747] [DEBUG] debug-file - entry : default@PackageHap cost memory -1.8229827880859375
[2025-10-29T07:33:52.803] [DEBUG] debug-file - current process  memoryUsage: {
  rss: 462585856,
  heapTotal: 75808768,
  heapUsed: 50982656,
  external: 2644961,
  arrayBuffers: 674072
} os memoryUsage :15.910140991210938
[2025-10-29T07:33:53.330] [DEBUG] debug-file - worker[6] has one work done.
[2025-10-29T07:33:53.330] [DEBUG] debug-file - default@PackageHap work[40] done.
[2025-10-29T07:33:53.330] [DEBUG] debug-file - A work dispatched to worker[6] failed because unable to get work from ready queue.
[2025-10-29T07:33:53.331] [INFO] debug-file - Finished :entry:default@PackageHap... after 556 ms 
[2025-10-29T07:33:53.332] [DEBUG] debug-file - jsonObjWithoutParam {} at undefined
[2025-10-29T07:33:53.332] [DEBUG] debug-file - jsonObjWithoutParam {"name":"entry","version":"1.0.0","description":"Please describe the basic information.","main":"","author":"","license":"","dependencies":{}} at undefined
[2025-10-29T07:33:53.334] [DEBUG] debug-file - Executing task :entry:default@SignHap
[2025-10-29T07:33:53.334] [WARN] debug-file - Will skip sign 'hos_hap'. No signingConfigs profile is configured in current project.
             If needed, configure the signingConfigs in /Users/lanmin/Documents/PersonalItem/CardGameApp/CardItem/build-profile.json5.
[2025-10-29T07:33:53.334] [DEBUG] debug-file - entry:default@SignHap is not up-to-date, since the input file '/Users/lanmin/Documents/PersonalItem/CardGameApp/CardItem/entry/build/default/outputs/default/entry-default-unsigned.hap' has been changed.
[2025-10-29T07:33:53.334] [DEBUG] debug-file - Incremental task entry:default@SignHap pre-execution cost: 1 ms .
[2025-10-29T07:33:53.334] [DEBUG] debug-file - jsonObjWithoutParam {} at undefined
[2025-10-29T07:33:53.334] [DEBUG] debug-file - jsonObjWithoutParam {"name":"entry","version":"1.0.0","description":"Please describe the basic information.","main":"","author":"","license":"","dependencies":{}} at undefined
[2025-10-29T07:33:53.334] [DEBUG] debug-file - entry : default@SignHap cost memory 0.10341644287109375
[2025-10-29T07:33:53.334] [DEBUG] debug-file - runTaskFromQueue task cost before running: 4 s 473 ms 
[2025-10-29T07:33:53.335] [INFO] debug-file - Finished :entry:default@SignHap... after 1 ms 
[2025-10-29T07:33:53.335] [DEBUG] debug-file - jsonObjWithoutParam {} at undefined
[2025-10-29T07:33:53.335] [DEBUG] debug-file - jsonObjWithoutParam {"name":"entry","version":"1.0.0","description":"Please describe the basic information.","main":"","author":"","license":"","dependencies":{}} at undefined
[2025-10-29T07:33:53.336] [DEBUG] debug-file - Executing task :entry:default@CollectDebugSymbol
[2025-10-29T07:33:53.337] [DEBUG] debug-file - jsonObjWithoutParam {} at undefined
[2025-10-29T07:33:53.337] [DEBUG] debug-file - jsonObjWithoutParam {"name":"entry","version":"1.0.0","description":"Please describe the basic information.","main":"","author":"","license":"","dependencies":{}} at undefined
[2025-10-29T07:33:53.337] [DEBUG] debug-file - entry : default@CollectDebugSymbol cost memory 0.2011260986328125
[2025-10-29T07:33:53.337] [DEBUG] debug-file - runTaskFromQueue task cost before running: 4 s 476 ms 
[2025-10-29T07:33:53.337] [INFO] debug-file - Finished :entry:default@CollectDebugSymbol... after 2 ms 
[2025-10-29T07:33:53.338] [DEBUG] debug-file - Executing task :entry:assembleHap
[2025-10-29T07:33:53.338] [DEBUG] debug-file - entry : assembleHap cost memory 0.01161956787109375
[2025-10-29T07:33:53.338] [DEBUG] debug-file - runTaskFromQueue task cost before running: 4 s 476 ms 
[2025-10-29T07:33:53.338] [INFO] debug-file - Finished :entry:assembleHap... after 1 ms 
[2025-10-29T07:33:53.339] [DEBUG] debug-file - BUILD SUCCESSFUL in 4 s 478 ms 
[2025-10-29T07:33:53.340] [DEBUG] debug-file - There is no need to refresh cache, since the incremental task entry:default@PreBuild is up-to-date.
[2025-10-29T07:33:53.340] [DEBUG] debug-file - Update task entry:default@CreateModuleInfo output file:/Users/lanmin/Documents/PersonalItem/CardGameApp/CardItem/entry/build/default/generated/profile/default/ModuleInfo.ts cache.
[2025-10-29T07:33:53.340] [DEBUG] debug-file - Incremental task entry:default@CreateModuleInfo post-execution cost:1 ms .
[2025-10-29T07:33:53.340] [DEBUG] debug-file - There is no need to refresh cache, since the incremental task entry:default@GenerateMetadata is up-to-date.
[2025-10-29T07:33:53.340] [DEBUG] debug-file - There is no need to refresh cache, since the incremental task entry:default@MergeProfile is up-to-date.
[2025-10-29T07:33:53.340] [DEBUG] debug-file - There is no need to refresh cache, since the incremental task entry:default@CreateBuildProfile is up-to-date.
[2025-10-29T07:33:53.340] [DEBUG] debug-file - There is no need to refresh cache, since the incremental task entry:default@GeneratePkgContextInfo is up-to-date.
[2025-10-29T07:33:53.341] [DEBUG] debug-file - Update task entry:default@ProcessIntegratedHsp output file:/Users/lanmin/Documents/PersonalItem/CardGameApp/CardItem/build/cache/default/integrated_hsp/integratedHspCache.json cache.
[2025-10-29T07:33:53.341] [DEBUG] debug-file - Incremental task entry:default@ProcessIntegratedHsp post-execution cost:1 ms .
[2025-10-29T07:33:53.341] [DEBUG] debug-file - There is no need to refresh cache, since the incremental task entry:default@MakePackInfo is up-to-date.
[2025-10-29T07:33:53.341] [DEBUG] debug-file - Update task entry:default@SyscapTransform input file:/Applications/DevEco-Studio.app/Contents/sdk/default/openharmony/toolchains/syscap_tool cache by regenerate.
[2025-10-29T07:33:53.341] [DEBUG] debug-file - Update task entry:default@SyscapTransform input file:/Applications/DevEco-Studio.app/Contents/sdk/default/openharmony/ets/api/device-define cache by regenerate.
[2025-10-29T07:33:53.341] [DEBUG] debug-file - Update task entry:default@SyscapTransform output file:/Users/lanmin/Documents/PersonalItem/CardGameApp/CardItem/entry/build/default/intermediates/syscap/default/rpcid.sc cache.
[2025-10-29T07:33:53.341] [DEBUG] debug-file - Incremental task entry:default@SyscapTransform post-execution cost:1 ms .
[2025-10-29T07:33:53.341] [DEBUG] debug-file - There is no need to refresh cache, since the incremental task entry:default@ProcessProfile is up-to-date.
[2025-10-29T07:33:53.341] [DEBUG] debug-file - There is no need to refresh cache, since the incremental task entry:default@ProcessRouterMap is up-to-date.
[2025-10-29T07:33:53.341] [DEBUG] debug-file - There is no need to refresh cache, since the incremental task entry:default@ProcessResource is up-to-date.
[2025-10-29T07:33:53.341] [DEBUG] debug-file - There is no need to refresh cache, since the incremental task entry:default@GenerateLoaderJson is up-to-date.
[2025-10-29T07:33:53.341] [DEBUG] debug-file - There is no need to refresh cache, since the incremental task entry:default@ProcessLibs is up-to-date.
[2025-10-29T07:33:53.341] [DEBUG] debug-file - There is no need to refresh cache, since the incremental task entry:default@CompileResource is up-to-date.
[2025-10-29T07:33:53.341] [DEBUG] debug-file - There is no need to refresh cache, since the incremental task entry:default@DoNativeStrip is up-to-date.
[2025-10-29T07:33:53.342] [DEBUG] debug-file - Update task entry:default@CompileArkTS input file:/Users/lanmin/Documents/PersonalItem/CardGameApp/CardItem/entry/build/default/intermediates/loader/default cache by regenerate.
[2025-10-29T07:33:53.342] [DEBUG] debug-file - Update task entry:default@CompileArkTS input file:/Users/lanmin/Documents/PersonalItem/CardGameApp/CardItem/entry/build/default/intermediates/res/default/resources/rawfile cache by regenerate.
[2025-10-29T07:33:53.354] [DEBUG] debug-file - Update task entry:default@CompileArkTS input file:/Users/lanmin/Documents/PersonalItem/CardGameApp/CardItem/entry/build/default/intermediates/res/default/ResourceTable.txt cache by regenerate.
[2025-10-29T07:33:53.354] [DEBUG] debug-file - Update task entry:default@CompileArkTS input file:/Users/lanmin/Documents/PersonalItem/CardGameApp/CardItem/entry/build/default/intermediates/res/default/ark_module.json cache by regenerate.
[2025-10-29T07:33:53.354] [DEBUG] debug-file - Update task entry:default@CompileArkTS input file:/Users/lanmin/Documents/PersonalItem/CardGameApp/CardItem/entry/build/default/intermediates/res/default/resources/base/profile cache by regenerate.
[2025-10-29T07:33:53.354] [DEBUG] debug-file - Update task entry:default@CompileArkTS input file:/Users/lanmin/Documents/PersonalItem/CardGameApp/CardItem/entry/src/main/ets cache by regenerate.
[2025-10-29T07:33:53.355] [DEBUG] debug-file - Update task entry:default@CompileArkTS input file:/Users/lanmin/Documents/PersonalItem/CardGameApp/CardItem/entry/build/default/intermediates/loader/default/pkgContextInfo.json cache by regenerate.
[2025-10-29T07:33:53.355] [DEBUG] debug-file - Update task entry:default@CompileArkTS input file:/Users/lanmin/Documents/PersonalItem/CardGameApp/CardItem/entry/build/default/generated/profile/default/BuildProfile.ets cache by regenerate.
[2025-10-29T07:33:53.355] [DEBUG] debug-file - Update task entry:default@CompileArkTS input file:/Users/lanmin/Documents/PersonalItem/CardGameApp/CardItem/entry/src/mock/mock-config.json5 cache by regenerate.
[2025-10-29T07:33:53.355] [DEBUG] debug-file - Update task entry:default@CompileArkTS output file:/Users/lanmin/Documents/PersonalItem/CardGameApp/CardItem/entry/build/default/intermediates/loader_out/default/ets cache.
[2025-10-29T07:33:53.355] [DEBUG] debug-file - Incremental task entry:default@CompileArkTS post-execution cost:15 ms .
[2025-10-29T07:33:53.356] [DEBUG] debug-file - Update task entry:default@BuildJS input file:/Users/lanmin/Documents/PersonalItem/CardGameApp/CardItem/entry/build/default/intermediates/loader/default cache by regenerate.
[2025-10-29T07:33:53.356] [DEBUG] debug-file - Update task entry:default@BuildJS input file:/Users/lanmin/Documents/PersonalItem/CardGameApp/CardItem/entry/build/default/intermediates/res/default/resources/rawfile cache by regenerate.
[2025-10-29T07:33:53.368] [DEBUG] debug-file - Update task entry:default@BuildJS input file:/Users/lanmin/Documents/PersonalItem/CardGameApp/CardItem/entry/build/default/intermediates/res/default/ResourceTable.txt cache by regenerate.
[2025-10-29T07:33:53.368] [DEBUG] debug-file - Update task entry:default@BuildJS input file:/Users/lanmin/Documents/PersonalItem/CardGameApp/CardItem/entry/build/default/intermediates/res/default/ark_module.json cache by regenerate.
[2025-10-29T07:33:53.368] [DEBUG] debug-file - Update task entry:default@BuildJS input file:/Users/lanmin/Documents/PersonalItem/CardGameApp/CardItem/entry/build/default/intermediates/res/default/resources/base/profile cache by regenerate.
[2025-10-29T07:33:53.369] [DEBUG] debug-file - Update task entry:default@BuildJS input file:/Users/lanmin/Documents/PersonalItem/CardGameApp/CardItem/entry/build/default/intermediates/loader/default/pkgContextInfo.json cache by regenerate.
[2025-10-29T07:33:53.369] [DEBUG] debug-file - Update task entry:default@BuildJS output file:/Users/lanmin/Documents/PersonalItem/CardGameApp/CardItem/entry/build/default/intermediates/loader_out/default/js cache.
[2025-10-29T07:33:53.369] [DEBUG] debug-file - Incremental task entry:default@BuildJS post-execution cost:14 ms .
[2025-10-29T07:33:53.369] [DEBUG] debug-file - There is no need to refresh cache, since the incremental task entry:default@CacheNativeLibs is up-to-date.
[2025-10-29T07:33:53.369] [DEBUG] debug-file - There is no need to refresh cache, since the incremental task entry:default@GeneratePkgModuleJson is up-to-date.
[2025-10-29T07:33:53.369] [DEBUG] debug-file - Update task entry:default@PackageHap input file:/Users/lanmin/Documents/PersonalItem/CardGameApp/CardItem/entry/build/default/intermediates/stripped_native_libs/default cache by regenerate.
[2025-10-29T07:33:53.369] [DEBUG] debug-file - Update task entry:default@PackageHap input file:/Users/lanmin/Documents/PersonalItem/CardGameApp/CardItem/entry/build/default/intermediates/res/default/module.json cache by regenerate.
[2025-10-29T07:33:53.369] [DEBUG] debug-file - Update task entry:default@PackageHap input file:/Users/lanmin/Documents/PersonalItem/CardGameApp/CardItem/entry/build/default/intermediates/res/default/resources cache by regenerate.
[2025-10-29T07:33:53.381] [DEBUG] debug-file - Update task entry:default@PackageHap input file:/Users/lanmin/Documents/PersonalItem/CardGameApp/CardItem/entry/build/default/intermediates/res/default/resources.index cache by regenerate.
[2025-10-29T07:33:53.381] [DEBUG] debug-file - Update task entry:default@PackageHap input file:/Users/lanmin/Documents/PersonalItem/CardGameApp/CardItem/entry/build/default/outputs/default/pack.info cache by regenerate.
[2025-10-29T07:33:53.381] [DEBUG] debug-file - Update task entry:default@PackageHap input file:/Users/lanmin/Documents/PersonalItem/CardGameApp/CardItem/entry/build/default/intermediates/loader_out/default/ets cache from map.
[2025-10-29T07:33:53.381] [DEBUG] debug-file - Update task entry:default@PackageHap input file:/Users/lanmin/Documents/PersonalItem/CardGameApp/CardItem/entry/build/default/intermediates/loader/default/pkgContextInfo.json cache by regenerate.
[2025-10-29T07:33:53.381] [DEBUG] debug-file - Update task entry:default@PackageHap input file:/Users/lanmin/Documents/PersonalItem/CardGameApp/CardItem/entry/build/default/intermediates/loader_out/default/ets/sourceMaps.map cache by regenerate.
[2025-10-29T07:33:53.381] [DEBUG] debug-file - Update task entry:default@PackageHap input file:/Users/lanmin/Documents/PersonalItem/CardGameApp/CardItem/entry/build/default/generated/profile/default/BuildProfile.ets cache by regenerate.
[2025-10-29T07:33:53.381] [DEBUG] debug-file - Update task entry:default@PackageHap output file:/Users/lanmin/Documents/PersonalItem/CardGameApp/CardItem/entry/build/default/outputs/default/entry-default-unsigned.hap cache.
[2025-10-29T07:33:53.381] [DEBUG] debug-file - Update task entry:default@PackageHap output file:/Users/lanmin/Documents/PersonalItem/CardGameApp/CardItem/entry/build/default/intermediates/source_map/default/sourceMaps.map cache.
[2025-10-29T07:33:53.382] [DEBUG] debug-file - Update task entry:default@PackageHap output file:/Users/lanmin/Documents/PersonalItem/CardGameApp/CardItem/entry/build/default/outputs/default/mapping/sourceMaps.map cache.
[2025-10-29T07:33:53.382] [DEBUG] debug-file - Incremental task entry:default@PackageHap post-execution cost:13 ms .
[2025-10-29T07:33:53.382] [DEBUG] debug-file - Update task entry:default@SignHap input file:/Users/lanmin/Documents/PersonalItem/CardGameApp/CardItem/entry/build/default/outputs/default/entry-default-unsigned.hap cache from map.
[2025-10-29T07:33:53.382] [DEBUG] debug-file - Update task entry:default@SignHap output file:/Users/lanmin/Documents/PersonalItem/CardGameApp/CardItem/entry/build/default/outputs/default/entry-default-signed.hap cache.
[2025-10-29T07:33:53.382] [DEBUG] debug-file - Incremental task entry:default@SignHap post-execution cost:1 ms .
[2025-10-29T07:33:53.383] [DEBUG] debug-file - Update task entry:default@CollectDebugSymbol input file:/Users/lanmin/Documents/PersonalItem/CardGameApp/CardItem/entry/build/default/intermediates/loader_out/default/ets/sourceMaps.map cache by regenerate.
[2025-10-29T07:33:53.383] [DEBUG] debug-file - Update task entry:default@CollectDebugSymbol input file:/Users/lanmin/Documents/PersonalItem/CardGameApp/CardItem/entry/build/default/intermediates/libs/default cache by regenerate.
[2025-10-29T07:33:53.383] [DEBUG] debug-file - Update task entry:default@CollectDebugSymbol output file:/Users/lanmin/Documents/PersonalItem/CardGameApp/CardItem/entry/build/default/outputs/default/symbol cache.
[2025-10-29T07:33:53.383] [DEBUG] debug-file - Incremental task entry:default@CollectDebugSymbol post-execution cost:1 ms .
[2025-10-29T07:33:53.401] [DEBUG] debug-file - Cleanup worker 6.
[2025-10-29T07:33:53.401] [DEBUG] debug-file - Worker 6 has been cleaned up.
[2025-10-29T07:33:53.401] [DEBUG] debug-file - Current idle worker size: 1.
[2025-10-29T07:33:53.401] [DEBUG] debug-file - Current resident worker size: 2.
[2025-10-29T07:33:53.402] [DEBUG] debug-file - hvigor build process will be closed.
[2025-10-29T07:33:53.406] [DEBUG] debug-file - worker[6] exits with exit code 1.
[2025-10-29T07:33:53.407] [DEBUG] debug-file - session manager: send message to worker process.
[2025-10-29T07:33:53.408] [DEBUG] debug-file - session manager: send message to worker process.
[2025-10-29T07:33:53.408] [DEBUG] debug-file - watch worker: worker id should be larger than 0. Nothing will be sent to any worker thread.
[2025-10-29T07:33:53.408] [DEBUG] debug-file - watch worker: worker id should be larger than 0. Nothing will be sent to any worker thread.
